PLINK v1.90b6.24 64-bit (6 Jun 2021)
Options in effect:
  --adjust
  --allow-extra-chr
  --allow-no-sex
  --bfile SriLanka_no_sib
  --chr 3001 3002 3003
  --logistic
  --out SriLanka_no_sib_logistic
  --pheno ../analysis/sri_lanka_phenotypes.txt
  --pheno-name isBW

Hostname: c18n01.farnam.hpc.yale.internal
Working directory: /gpfs/ysm/project/isaacs/ewa2/powell/SriLanka/analysis (redo)
Start time: Mon May  8 15:35:14 2023

Random number seed: 1683574514
128238 MB RAM detected; reserving 64119 MB for main workspace.
10545 out of 11007 variants loaded from .bim file.
30 people (0 males, 0 females, 30 ambiguous) loaded from .fam.
Ambiguous sex IDs written to SriLanka_no_sib_logistic.nosex .
30 phenotype values present after --pheno.
Using 1 thread (no multithreaded calculations invoked).
Before main variant filters, 30 founders and 0 nonfounders present.
Calculating allele frequencies... done.
Total genotyping rate is 0.984407.
10545 variants and 30 people pass filters and QC.
Among remaining phenotypes, 18 are cases and 12 are controls.
Writing logistic model association results to
SriLanka_no_sib_logistic.assoc.logistic ... done.
--adjust: Genomic inflation est. lambda (based on median chisq) = 1.35774.
--adjust values (7626 variants) written to
SriLanka_no_sib_logistic.assoc.logistic.adjusted .

End time: Mon May  8 15:35:14 2023
