PLINK v1.90b6.24 64-bit (6 Jun 2021)
Options in effect:
  --allow-extra-chr
  --bfile SriLanka_only
  --chr 3001 3002 3003
  --out SriLanka_only_relate
  --recode vcf-iid

Hostname: c22n03.farnam.hpc.yale.internal
Working directory: /gpfs/ysm/project/isaacs/ewa2/powell/SriLanka/analysis (redo)
Start time: Sun Jan  8 22:50:59 2023

Random number seed: 1673236259
128238 MB RAM detected; reserving 64119 MB for main workspace.
10545 out of 11007 variants loaded from .bim file.
73 people (0 males, 0 females, 73 ambiguous) loaded from .fam.
Ambiguous sex IDs written to SriLanka_only_relate.nosex .
Using 1 thread (no multithreaded calculations invoked).
Before main variant filters, 73 founders and 0 nonfounders present.
Calculating allele frequencies... done.
Total genotyping rate is 0.98695.
10545 variants and 73 people pass filters and QC.
Note: No phenotypes present.
--recode vcf-iid to SriLanka_only_relate.vcf ... done.

End time: Sun Jan  8 22:50:59 2023
