PLINK v1.90b6.24 64-bit (6 Jun 2021)
Options in effect:
  --allow-extra-chr
  --bfile SriLanka_no_sib
  --chr 3001 3002 3003
  --pca header tabs var-wts

Hostname: c14n02.farnam.hpc.yale.internal
Working directory: /gpfs/ysm/project/isaacs/ewa2/powell/SriLanka/analysis (redo)
Start time: Sun May  7 22:56:13 2023

Random number seed: 1683514573
128238 MB RAM detected; reserving 64119 MB for main workspace.
10545 out of 11007 variants loaded from .bim file.
30 people (0 males, 0 females, 30 ambiguous) loaded from .fam.
Ambiguous sex IDs written to plink.nosex .
Using up to 19 threads (change this with --threads).
Before main variant filters, 30 founders and 0 nonfounders present.
Calculating allele frequencies... done.
Total genotyping rate is 0.984407.
10545 variants and 30 people pass filters and QC.
Note: No phenotypes present.
Relationship matrix calculation complete.
--pca: Results saved to plink.eigenval , plink.eigenvec , and
plink.eigenvec.var .

End time: Sun May  7 22:56:13 2023
