PLINK v1.90b6.24 64-bit (6 Jun 2021)
Options in effect:
  --allow-extra-chr
  --file SriLanka_only
  --keep no_siblings.txt
  --make-bed
  --out SriLanka_no_sib
  --recode

Hostname: c14n02.farnam.hpc.yale.internal
Working directory: /gpfs/ysm/project/isaacs/ewa2/powell/SriLanka/analysis (redo)
Start time: Sun May  7 22:50:35 2023

Random number seed: 1683514235
128238 MB RAM detected; reserving 64119 MB for main workspace.
Scanning .ped file... done.
Performing single-pass .bed write (11007 variants, 73 people).
--file: SriLanka_no_sib-temporary.bed + SriLanka_no_sib-temporary.bim +
SriLanka_no_sib-temporary.fam written.
11007 variants loaded from .bim file.
73 people (0 males, 0 females, 73 ambiguous) loaded from .fam.
Ambiguous sex IDs written to SriLanka_no_sib.nosex .
--keep: 30 people remaining.
Using 1 thread (no multithreaded calculations invoked).
Before main variant filters, 30 founders and 0 nonfounders present.
Calculating allele frequencies... done.
Total genotyping rate in remaining samples is 0.983986.
11007 variants and 30 people pass filters and QC.
Note: No phenotypes present.
--make-bed to SriLanka_no_sib.bed + SriLanka_no_sib.bim + SriLanka_no_sib.fam
... done.
--recode ped to SriLanka_no_sib.ped + SriLanka_no_sib.map ... done.

End time: Sun May  7 22:50:35 2023
