PLINK v1.90b6.24 64-bit (6 Jun 2021)
Options in effect:
  --allow-extra-chr
  --file ../SriLanka_Asia
  --keep ../SriLanka_only.txt
  --make-bed
  --out SriLanka_only
  --recode

Hostname: c14n10.farnam.hpc.yale.internal
Working directory: /gpfs/ysm/project/isaacs/ewa2/powell/SriLanka/analysis (redo)
Start time: Sun Jan  8 14:22:01 2023

Random number seed: 1673205721
128238 MB RAM detected; reserving 64119 MB for main workspace.
Scanning .ped file... done.
Performing single-pass .bed write (11007 variants, 215 people).
--file: SriLanka_only-temporary.bed + SriLanka_only-temporary.bim +
SriLanka_only-temporary.fam written.
11007 variants loaded from .bim file.
215 people (0 males, 0 females, 215 ambiguous) loaded from .fam.
Ambiguous sex IDs written to SriLanka_only.nosex .
--keep: 73 people remaining.
Using 1 thread (no multithreaded calculations invoked).
Before main variant filters, 73 founders and 0 nonfounders present.
Calculating allele frequencies... done.
Total genotyping rate in remaining samples is 0.986604.
11007 variants and 73 people pass filters and QC.
Note: No phenotypes present.
--make-bed to SriLanka_only.bed + SriLanka_only.bim + SriLanka_only.fam ...
done.
--recode ped to SriLanka_only.ped + SriLanka_only.map ... done.

End time: Sun Jan  8 14:22:02 2023
